Added Component: Designator=R15(_1206)
Added Component: Designator=R16(_1206)
Added Component: Designator=R17(_1206)
Added Component: Designator=R18(_1206)
Added Component: Designator=R19(_1206)
Added Component: Designator=S1(SWT-6-9)
Added Component: Designator=S2(SWT-6-9)
Added Component: Designator=S3(SWT-6-9)
Added Component: Designator=S4(SWT-6-9)
Added Component: Designator=S5(SWT-6-9)
Added Pin To Net: NetName=NetR15_2 Pin=R15-2
Added Pin To Net: NetName=NetR15_2 Pin=S1-1
Added Pin To Net: NetName=NetR15_2 Pin=S1-1
Added Pin To Net: NetName=NetR15_2 Pin=S1-1
Added Pin To Net: NetName=NetR15_2 Pin=S1-1
Added Net: Name=NetR15_2
Added Pin To Net: NetName=NetR16_2 Pin=R16-2
Added Pin To Net: NetName=NetR16_2 Pin=S4-1
Added Pin To Net: NetName=NetR16_2 Pin=S4-1
Added Pin To Net: NetName=NetR16_2 Pin=S4-1
Added Pin To Net: NetName=NetR16_2 Pin=S4-1
Added Net: Name=NetR16_2
Added Pin To Net: NetName=NetR17_2 Pin=R17-2
Added Pin To Net: NetName=NetR17_2 Pin=S2-1
Added Pin To Net: NetName=NetR17_2 Pin=S2-1
Added Pin To Net: NetName=NetR17_2 Pin=S2-1
Added Pin To Net: NetName=NetR17_2 Pin=S2-1
Added Net: Name=NetR17_2
Added Pin To Net: NetName=NetR18_2 Pin=R18-2
Added Pin To Net: NetName=NetR18_2 Pin=S5-1
Added Pin To Net: NetName=NetR18_2 Pin=S5-1
Added Pin To Net: NetName=NetR18_2 Pin=S5-1
Added Pin To Net: NetName=NetR18_2 Pin=S5-1
Added Net: Name=NetR18_2
Added Pin To Net: NetName=NetR19_2 Pin=R19-2
Added Pin To Net: NetName=NetR19_2 Pin=S3-1
Added Pin To Net: NetName=NetR19_2 Pin=S3-1
Added Pin To Net: NetName=NetR19_2 Pin=S3-1
Added Pin To Net: NetName=NetR19_2 Pin=S3-1
Added Net: Name=NetR19_2
Added Pin To Net: NetName=GND Pin=S1-2
Added Pin To Net: NetName=GND Pin=S1-2
Added Pin To Net: NetName=GND Pin=S1-2
Added Pin To Net: NetName=GND Pin=S1-2
Added Pin To Net: NetName=GND Pin=S2-2
Added Pin To Net: NetName=GND Pin=S2-2
Added Pin To Net: NetName=GND Pin=S2-2
Added Pin To Net: NetName=GND Pin=S2-2
Added Pin To Net: NetName=GND Pin=S3-2
Added Pin To Net: NetName=GND Pin=S3-2
Added Pin To Net: NetName=GND Pin=S3-2
Added Pin To Net: NetName=GND Pin=S3-2
Added Pin To Net: NetName=GND Pin=S4-2
Added Pin To Net: NetName=GND Pin=S4-2
Added Pin To Net: NetName=GND Pin=S4-2
Added Pin To Net: NetName=GND Pin=S4-2
Added Pin To Net: NetName=GND Pin=S5-2
Added Pin To Net: NetName=GND Pin=S5-2
Added Pin To Net: NetName=GND Pin=S5-2
Added Pin To Net: NetName=GND Pin=S5-2
Added Member To Class: ClassName=FAT34 Member=Component R15 10K
Added Member To Class: ClassName=FAT34 Member=Component R16 10K
Added Member To Class: ClassName=FAT34 Member=Component R17 10K
Added Member To Class: ClassName=FAT34 Member=Component R18 10K
Added Member To Class: ClassName=FAT34 Member=Component R19 10K
Added Member To Class: ClassName=FAT34 Member=Component S1 SWT-6
Added Member To Class: ClassName=FAT34 Member=Component S2 SWT-6
Added Member To Class: ClassName=FAT34 Member=Component S3 SWT-6
Added Member To Class: ClassName=FAT34 Member=Component S4 SWT-6
Added Member To Class: ClassName=FAT34 Member=Component S5 SWT-6
