Change Component Designator: Old Designator=C? New Designator=C?
Change Component Designator: Old Designator=C? New Designator=C?
Change Component Designator: Old Designator=C? New Designator=C?
Change Component Designator: Old Designator=C? New Designator=C?
Change Component Designator: Old Designator=C? New Designator=C?
Change Component Designator: Old Designator=C? New Designator=C?
Change Component Designator: Old Designator=C? New Designator=C?
Change Component Designator: Old Designator=C? New Designator=C?
Change Component Designator: Old Designator=C? New Designator=C?
Change Component Designator: Old Designator=C? New Designator=C?
Change Component Designator: Old Designator=C? New Designator=C?
Change Component Designator: Old Designator=C? New Designator=C?
Change Component Designator: Old Designator=C? New Designator=C?
Change Component Designator: Old Designator=C? New Designator=C?
Change Component Designator: Old Designator=JP? New Designator=JP?
Change Component Designator: Old Designator=R? New Designator=R?
Change Component Designator: Old Designator=R? New Designator=R?
Change Component Designator: Old Designator=R? New Designator=R?
Change Component Designator: Old Designator=R? New Designator=R?
Change Component Designator: Old Designator=R? New Designator=R?
Change Component Designator: Old Designator=R? New Designator=R?
Change Component Designator: Old Designator=R? New Designator=R?
Change Component Designator: Old Designator=R? New Designator=R?
Change Component Designator: Old Designator=R? New Designator=R?
Change Component Designator: Old Designator=R? New Designator=R?
Change Component Designator: Old Designator=R? New Designator=R?
Change Component Designator: Old Designator=R? New Designator=R?
Change Component Designator: Old Designator=U? New Designator=U?
Change Component Part ID : Designator=U3 Old Part ID =1 New Part ID =2
Change Component Designator: Old Designator=U? New Designator=U?
Change Component Part ID : Designator=U3 Old Part ID =2 New Part ID =1
Change Component Designator: Old Designator=U? New Designator=U?
Change Component Designator: Old Designator=U? New Designator=U?
Change Component Designator: Old Designator=U? New Designator=U?
