Added Component: Designator=C15(el3)
Added Component: Designator=C16(el3)
Added Component: Designator=C17(_1206)
Added Component: Designator=C18(_1206)
Added Component: Designator=C19(_1206)
Added Component: Designator=C20(_1206)
Added Component: Designator=C21(_1206)
Added Component: Designator=C22(el5)
Added Component: Designator=D1(_1206d)
Added Component: Designator=D2(DSO-C2/X2.3)
Added Component: Designator=JP2(BT5-2-1)
Added Component: Designator=JP3(BT5-2-1)
Added Component: Designator=JP4(BT5-3)
Added Component: Designator=K1(BS115)
Added Component: Designator=Q1(SO-G3)
Added Component: Designator=R13(_1206)
Added Component: Designator=R14(_1206)
Added Component: Designator=U5(D2PAK)
Added Pin To Net: NetName=NetD2_1 Pin=D2-1
Added Pin To Net: NetName=NetD2_1 Pin=JP2-1
Added Pin To Net: NetName=NetD2_1 Pin=JP2-2
Added Net: Name=NetD2_1
Added Pin To Net: NetName=NetJP4_1 Pin=JP4-1
Added Pin To Net: NetName=NetJP4_1 Pin=K1-1
Added Net: Name=NetJP4_1
Added Pin To Net: NetName=NetJP4_2 Pin=JP4-2
Added Pin To Net: NetName=NetJP4_2 Pin=K1-2
Added Net: Name=NetJP4_2
Added Pin To Net: NetName=NetJP4_3 Pin=JP4-3
Added Pin To Net: NetName=NetJP4_3 Pin=K1-3
Added Net: Name=NetJP4_3
Added Pin To Net: NetName=+5V Pin=C15-1
Added Pin To Net: NetName=GND Pin=C15-2
Added Pin To Net: NetName=+3V3 Pin=C16-1
Added Pin To Net: NetName=GND Pin=C16-2
Added Pin To Net: NetName=GND Pin=C17-1
Added Pin To Net: NetName=+12V Pin=C17-2
Added Pin To Net: NetName=GND Pin=C18-1
Added Pin To Net: NetName=+5V Pin=C18-2
Added Pin To Net: NetName=GND Pin=C19-1
Added Pin To Net: NetName=+12V Pin=C19-2
Added Pin To Net: NetName=GND Pin=C20-1
Added Pin To Net: NetName=+12V Pin=C20-2
Added Pin To Net: NetName=GND Pin=C21-1
Added Pin To Net: NetName=+3V3 Pin=C21-2
Added Pin To Net: NetName=+12V Pin=C22-1
Added Pin To Net: NetName=GND Pin=C22-2
Added Pin To Net: NetName=NetD1_1 Pin=D1-1
Added Pin To Net: NetName=+12V Pin=D1-2
Added Pin To Net: NetName=+12V Pin=D2-2
Added Pin To Net: NetName=GND Pin=JP3-1
Added Pin To Net: NetName=GND Pin=JP3-2
Added Pin To Net: NetName=NetD1_1 Pin=K1-4
Added Pin To Net: NetName=+12V Pin=K1-5
Added Pin To Net: NetName=NetQ1_1 Pin=Q1-1
Added Pin To Net: NetName=GND Pin=Q1-2
Added Pin To Net: NetName=NetD1_1 Pin=Q1-3
Added Pin To Net: NetName=+3V3 Pin=R9-2
Added Pin To Net: NetName=NetQ1_1 Pin=R13-1
Added Pin To Net: NetName=NetQ1_1 Pin=R14-1
Added Pin To Net: NetName=GND Pin=R14-2
Added Pin To Net: NetName=+12V Pin=U5-1
Added Pin To Net: NetName=+5V Pin=U5-3
Added Pin To Net: NetName=GND Pin=U5-4
Added Class: Name=FAT34p
