Added Component: Designator=C?(_1206)
Added Component: Designator=JP?(CORTEX_DEBUG_CONNECTOR)
Added Component: Designator=R?(_1206)
Added Pin To Net: NetName=NetC?_1 Pin=C?-1
Added Pin To Net: NetName=NetC?_1 Pin=R?-1
Added Pin To Net: NetName=NetC?_1 Pin=U1-13
Added Net: Name=NetC?_1
Added Pin To Net: NetName=NetR16_1 Pin=R16-1
Added Pin To Net: NetName=NetR16_1 Pin=R16-2
Added Net: Name=NetR16_1
Added Pin To Net: NetName=PA13 Pin=JP?-2
Added Pin To Net: NetName=PA13 Pin=U1-46
Added Net: Name=PA13
Added Pin To Net: NetName=PA14 Pin=JP?-4
Added Pin To Net: NetName=PA14 Pin=U1-49
Added Net: Name=PA14
Added Pin To Net: NetName=PA15 Pin=JP?-8
Added Pin To Net: NetName=PA15 Pin=U1-50
Added Net: Name=PA15
Added Pin To Net: NetName=PB4 Pin=JP?-5
Added Pin To Net: NetName=PB4 Pin=U1-56
Added Net: Name=PB4
Added Pin To Net: NetName=GND Pin=C?-2
Added Pin To Net: NetName=+3V3 Pin=CS1-4
Added Pin To Net: NetName=GND Pin=CS1-6
Added Pin To Net: NetName=GND Pin=CS1-10
Added Pin To Net: NetName=+3V3 Pin=JP?-1
Added Pin To Net: NetName=GND Pin=JP?-3
Added Pin To Net: NetName=PB3 Pin=JP?-6
Added Pin To Net: NetName=GND Pin=JP?-9
Added Pin To Net: NetName=RES Pin=JP?-10
Added Pin To Net: NetName=NetQ3_1 Pin=R9-1
Added Pin To Net: NetName=+5V Pin=R16-2
Added Pin To Net: NetName=+3V3 Pin=R?-2
Added Pin To Net: NetName=RES Pin=U1-7
Added Pin To Net: NetName=GND Pin=U1-12
Added Pin To Net: NetName=GND Pin=U1-18
Added Pin To Net: NetName=+3V3 Pin=U1-19
Added Pin To Net: NetName=GND Pin=U1-31
Added Pin To Net: NetName=+3V3 Pin=U1-32
Added Pin To Net: NetName=GND Pin=U1-47
Added Pin To Net: NetName=+3V3 Pin=U1-48
Added Pin To Net: NetName=PB3 Pin=U1-55
Added Pin To Net: NetName=GND Pin=U1-63
Added Pin To Net: NetName=+3V3 Pin=U1-64
Added Pin To Net: NetName=GND Pin=U2-1
Added Pin To Net: NetName=+5V Pin=U2-2
Added Pin To Net: NetName=GND Pin=U2-5
Added Pin To Net: NetName=GND Pin=U2-16
Added Member To Class: ClassName=FAT34 Member=Component C? 1.0
Added Member To Class: ClassName=FAT34 Member=Component JP? CORTEX_DEBUG_CONNECTOR_PAL
Added Member To Class: ClassName=FAT34 Member=Component R? 100R
