Removed Pin From Net: NetName=NetC6_2 Pin=C6-2
Removed Pin From Net: NetName=NetC6_2 Pin=U4-5
Added Component: Designator=JP8(BT5-2-1)
Change Net Name : Old Net Name=NetC6_2 New Net Name=NetJP7_2
Change Net Name : Old Net Name=NetC11_1 New Net Name=NetQ3_1
Added Pin To Net: NetName=NetC6_2 Pin=C6-2
Added Pin To Net: NetName=NetC6_2 Pin=JP8-1
Added Pin To Net: NetName=NetC6_2 Pin=U4-5
Added Net: Name=NetC6_2
Added Pin To Net: NetName=NetJP6_2 Pin=JP6-2
Added Pin To Net: NetName=GND Pin=JP8-2
Added Pin To Net: NetName=NetQ2_1 Pin=Q2-1
Added Pin To Net: NetName=NetQ2_3 Pin=Q2-3
Added Pin To Net: NetName=NetQ4_1 Pin=Q4-1
Added Pin To Net: NetName=NetQ5_1 Pin=Q5-1
Added Pin To Net: NetName=NetQ2_1 Pin=R21-1
Added Pin To Net: NetName=NetJP6_2 Pin=R21-2
Added Pin To Net: NetName=NetQ2_3 Pin=R22-1
Added Pin To Net: NetName=NetQ4_1 Pin=R22-2
Added Pin To Net: NetName=NetQ4_1 Pin=R23-1
Added Pin To Net: NetName=NetJP6_2 Pin=R23-2
Added Pin To Net: NetName=NetQ4_1 Pin=R24-1
Added Pin To Net: NetName=NetQ5_1 Pin=R26-2
Added Pin To Net: NetName=NetQ5_1 Pin=R27-1
Added Pin To Net: NetName=NetQ5_1 Pin=R28-1
Added Member To Class: ClassName=FAT34 Member=Component JP8 BT5-2
